[35m[Appium][39m Welcome to Appium v1.22.3
[35m[Appium][39m Non-default server args:
[35m[Appium][39m   port: 60679
[35m[Appium][39m   loglevel: info
[35m[Appium][39m   tmpDir: C:\Users\Liya\AppData\Local\Temp\\Katalon\Appium\Temp1685604775863
[35m[Appium][39m   chromedriverPort: 60680
[35m[Appium][39m Deprecated server args:
[35m[Appium][39m   [31m--chromedriver-port[39m => --default-capabilities
[35m[Appium][39m Default capabilities, which will be added to each request unless overridden by desired capabilities:
[35m[Appium][39m   chromedriverPort: 60680
[35m[Appium][39m Appium REST http interface listener started on 0.0.0.0:60679
[35m[HTTP][39m [37m-->[39m [37mGET[39m [37m/wd/hub/status[39m
[35m[HTTP][39m [90m{}[39m
[35m[HTTP][39m [37m<-- GET /wd/hub/status [39m[32m200[39m [90m7 ms - 68[39m
[35m[HTTP][39m [90m[39m
[35m[HTTP][39m [37m-->[39m [37mGET[39m [37m/wd/hub/status[39m
[35m[HTTP][39m [90m{}[39m
[35m[HTTP][39m [37m<-- GET /wd/hub/status [39m[32m200[39m [90m3 ms - 68[39m
[35m[HTTP][39m [90m[39m
[35m[HTTP][39m [37m-->[39m [37mPOST[39m [37m/wd/hub/session[39m
[35m[HTTP][39m [90m{"desiredCapabilities":{"appActivity":".Settings","appPackage":"com.android.settings","newCommandTimeout":1800,"platformVersion":"11","automationName":"uiautomator2","autoGrantPermissions":true,"platformName":"Android","udid":"RF8RA14E6EJ","deviceName":"samsung SM-A325F (Android 11)","platform":"ANDROID","systemPort":8298},"capabilities":{"firstMatch":[{"appium:appActivity":".Settings","appium:appPackage":"com.android.settings","appium:autoGrantPermissions":true,"appium:automationName":"uiautomator2","appium:deviceName":"samsung SM-A325F (Android 11)","appium:newCommandTimeout":1800,"platform":"ANDROID","platformName":"android","appium:platformVersion":"11","appium:systemPort":8298,"appium:udid":"RF8RA14E6EJ"}]}}[39m
[35m[BaseDriver][39m The following capabilities are not standard capabilities and should have an extension prefix:
[35m[BaseDriver][39m   platform
[35m[BaseDriver][39m   chromedriverPort
[35m[Appium][39m Appium v1.22.3 creating new AndroidUiautomator2Driver (v1.70.1) session
[35m[BaseDriver][39m The following capabilities were provided, but are not recognized by Appium:
[35m[BaseDriver][39m   platform
[35m[BaseDriver][39m Session created with session id: 3c1d5338-174d-4434-85db-2e1cd00ec297
[35m[UiAutomator2][39m Starting 'com.android.settings' directly on the device
[35m[ADB][39m Found 1 'build-tools' folders under 'C:\Users\Liya\.katalon\tools\android_sdk' (newest first):
[35m[ADB][39m     C:/Users/Liya/.katalon/tools/android_sdk/build-tools/29.0.3
[35m[ADB][39m Using 'adb.exe' from 'C:\Users\Liya\.katalon\tools\android_sdk\platform-tools\adb.exe'
[35m[AndroidDriver][39m Retrieving device list
[35m[AndroidDriver][39m Using device: RF8RA14E6EJ
[35m[ADB][39m Using 'adb.exe' from 'C:\Users\Liya\.katalon\tools\android_sdk\platform-tools\adb.exe'
[35m[ADB][39m Getting device platform version
[35m[UiAutomator2][39m Relaxing hidden api policy
[35m[AndroidDriver][39m No app sent in, not parsing package/activity
[35m[ADB][39m Using 'apksigner.jar' from 'C:\Users\Liya\.katalon\tools\android_sdk\build-tools\29.0.3\lib\apksigner.jar'
[35m[ADB][39m 'C:\Users\Liya\AppData\Roaming\npm\node_modules\appium\node_modules\appium-uiautomator2-server\apks\appium-uiautomator2-server-v4.27.0.apk' is signed with the default certificate
[35m[ADB][39m 'C:\Users\Liya\AppData\Roaming\npm\node_modules\appium\node_modules\appium-uiautomator2-server\apks\appium-uiautomator2-server-debug-androidTest.apk' is signed with the default certificate
[35m[UiAutomator2][39m Server packages are not going to be (re)installed
[35m[ADB][39m Adding packages ["io.appium.settings","io.appium.uiautomator2.server","io.appium.uiautomator2.server.test"] to Doze whitelist
[35m[ADB][39m com.android.settings contains no permissions available for granting
[35m[UiAutomator2][39m Starting UIAutomator2 server 4.27.0
[35m[UiAutomator2][39m Using UIAutomator2 server from 'C:\Users\Liya\AppData\Roaming\npm\node_modules\appium\node_modules\appium-uiautomator2-server\apks\appium-uiautomator2-server-v4.27.0.apk' and test from 'C:\Users\Liya\AppData\Roaming\npm\node_modules\appium\node_modules\appium-uiautomator2-server\apks\appium-uiautomator2-server-debug-androidTest.apk'
[35m[UiAutomator2][39m Waiting up to 30000ms for UiAutomator2 to be online...
[35m[WD Proxy][39m socket hang up
[35m[WD Proxy][39m socket hang up
[35m[WD Proxy][39m socket hang up
[35m[WD Proxy][39m Determined the downstream protocol as 'W3C'
[35m[AndroidDriver][39m Screen already unlocked, doing nothing
[35m[UiAutomator2][39m Starting 'com.android.settings/.Settings and waiting for 'com.android.settings/.Settings'
[35m[Appium][39m New AndroidUiautomator2Driver session created successfully, session 3c1d5338-174d-4434-85db-2e1cd00ec297 added to master session list
[35m[HTTP][39m [37m<-- POST /wd/hub/session [39m[32m200[39m [90m11537 ms - 1158[39m
[35m[HTTP][39m [90m[39m
[35m[HTTP][39m [37m-->[39m [37mGET[39m [37m/wd/hub/session/3c1d5338-174d-4434-85db-2e1cd00ec297[39m
[35m[HTTP][39m [90m{}[39m
[35m[HTTP][39m [37m<-- GET /wd/hub/session/3c1d5338-174d-4434-85db-2e1cd00ec297 [39m[32m200[39m [90m12 ms - 1112[39m
[35m[HTTP][39m [90m[39m
[35m[HTTP][39m [37m-->[39m [37mGET[39m [37m/wd/hub/session/3c1d5338-174d-4434-85db-2e1cd00ec297[39m
[35m[HTTP][39m [90m{}[39m
[35m[HTTP][39m [37m<-- GET /wd/hub/session/3c1d5338-174d-4434-85db-2e1cd00ec297 [39m[32m200[39m [90m18 ms - 1112[39m
[35m[HTTP][39m [90m[39m
[35m[HTTP][39m [37m-->[39m [37mGET[39m [37m/wd/hub/status[39m
[35m[HTTP][39m [90m{}[39m
[35m[HTTP][39m [37m<-- GET /wd/hub/status [39m[32m200[39m [90m1 ms - 68[39m
[35m[HTTP][39m [90m[39m
[35m[HTTP][39m [37m-->[39m [37mPOST[39m [37m/wd/hub/session/3c1d5338-174d-4434-85db-2e1cd00ec297/timeouts[39m
[35m[HTTP][39m [90m{"implicit":60000}[39m
[35m[HTTP][39m [37m<-- POST /wd/hub/session/3c1d5338-174d-4434-85db-2e1cd00ec297/timeouts [39m[32m200[39m [90m4 ms - 14[39m
[35m[HTTP][39m [90m[39m
[35m[HTTP][39m [37m-->[39m [37mGET[39m [37m/wd/hub/session/3c1d5338-174d-4434-85db-2e1cd00ec297/screenshot[39m
[35m[HTTP][39m [90m{}[39m
[35m[HTTP][39m [37m<-- GET /wd/hub/session/3c1d5338-174d-4434-85db-2e1cd00ec297/screenshot [39m[32m200[39m [90m511 ms - 215268[39m
[35m[HTTP][39m [90m[39m
[35m[HTTP][39m [37m-->[39m [37mGET[39m [37m/wd/hub/session/3c1d5338-174d-4434-85db-2e1cd00ec297/window/rect[39m
[35m[HTTP][39m [90m{}[39m
[35m[HTTP][39m [37m<-- GET /wd/hub/session/3c1d5338-174d-4434-85db-2e1cd00ec297/window/rect [39m[32m200[39m [90m24 ms - 50[39m
[35m[HTTP][39m [90m[39m
[35m[HTTP][39m [37m-->[39m [37mGET[39m [37m/wd/hub/session/3c1d5338-174d-4434-85db-2e1cd00ec297/appium/device/system_bars[39m
[35m[HTTP][39m [90m{}[39m
[35m[HTTP][39m [37m<-- GET /wd/hub/session/3c1d5338-174d-4434-85db-2e1cd00ec297/appium/device/system_bars [39m[32m200[39m [90m126 ms - 148[39m
[35m[HTTP][39m [90m[39m
[35m[HTTP][39m [37m-->[39m [37mPOST[39m [37m/wd/hub/session/3c1d5338-174d-4434-85db-2e1cd00ec297/appium/device/activate_app[39m
[35m[HTTP][39m [90m{"bundleId":"com.socialnmobile.dictapps.notepad.color.note"}[39m
[35m[HTTP][39m [37m<-- POST /wd/hub/session/3c1d5338-174d-4434-85db-2e1cd00ec297/appium/device/activate_app [39m[32m200[39m [90m689 ms - 14[39m
[35m[HTTP][39m [90m[39m
[35m[HTTP][39m [37m-->[39m [37mGET[39m [37m/wd/hub/session/3c1d5338-174d-4434-85db-2e1cd00ec297/source[39m
[35m[HTTP][39m [90m{}[39m
[35m[W3C (3c1d5338)][39m Driver proxy active, passing request on via HTTP proxy
[35m[WD Proxy][39m Replacing sessionId 9ab522f7-0e71-48ea-98e6-52fd2b558b8e with 3c1d5338-174d-4434-85db-2e1cd00ec297
[35m[HTTP][39m [37m<-- GET /wd/hub/session/3c1d5338-174d-4434-85db-2e1cd00ec297/source [39m[32m200[39m [90m728 ms - 28456[39m
[35m[HTTP][39m [90m[39m
[35m[HTTP][39m [37m-->[39m [37mGET[39m [37m/wd/hub/session/3c1d5338-174d-4434-85db-2e1cd00ec297/screenshot[39m
[35m[HTTP][39m [90m{}[39m
[35m[HTTP][39m [37m<-- GET /wd/hub/session/3c1d5338-174d-4434-85db-2e1cd00ec297/screenshot [39m[32m200[39m [90m456 ms - 136152[39m
[35m[HTTP][39m [90m[39m
[35m[HTTP][39m [37m-->[39m [37mPOST[39m [37m/wd/hub/session/3c1d5338-174d-4434-85db-2e1cd00ec297/elements[39m
[35m[HTTP][39m [90m{"using":"xpath","value":"//*[@class = 'android.widget.ImageView' and @resource-id = 'com.socialnmobile.dictapps.notepad.color.note:id/icon' and (@text = '' or . = '')]"}[39m
[35m[HTTP][39m [37m<-- POST /wd/hub/session/3c1d5338-174d-4434-85db-2e1cd00ec297/elements [39m[32m200[39m [90m605 ms - 651[39m
[35m[HTTP][39m [90m[39m
[35m[HTTP][39m [37m-->[39m [37mPOST[39m [37m/wd/hub/session/3c1d5338-174d-4434-85db-2e1cd00ec297/elements[39m
[35m[HTTP][39m [90m{"using":"id","value":"com.socialnmobile.dictapps.notepad.color.note:id/icon"}[39m
[35m[HTTP][39m [37m<-- POST /wd/hub/session/3c1d5338-174d-4434-85db-2e1cd00ec297/elements [39m[32m200[39m [90m97 ms - 651[39m
[35m[HTTP][39m [90m[39m
[35m[HTTP][39m [37m-->[39m [37mPOST[39m [37m/wd/hub/session/3c1d5338-174d-4434-85db-2e1cd00ec297/elements[39m
[35m[HTTP][39m [90m{"using":"-android uiautomator","value":"new UiSelector().className(\"android.widget.ImageView\").resourceId(\"com.socialnmobile.dictapps.notepad.color.note:id/icon\")"}[39m
[35m[HTTP][39m [37m<-- POST /wd/hub/session/3c1d5338-174d-4434-85db-2e1cd00ec297/elements [39m[32m200[39m [90m285 ms - 651[39m
[35m[HTTP][39m [90m[39m
[35m[HTTP][39m [37m-->[39m [37mGET[39m [37m/wd/hub/session/3c1d5338-174d-4434-85db-2e1cd00ec297/window/rect[39m
[35m[HTTP][39m [90m{}[39m
[35m[HTTP][39m [37m<-- GET /wd/hub/session/3c1d5338-174d-4434-85db-2e1cd00ec297/window/rect [39m[32m200[39m [90m24 ms - 50[39m
[35m[HTTP][39m [90m[39m
[35m[HTTP][39m [37m-->[39m [37mPOST[39m [37m/wd/hub/session/3c1d5338-174d-4434-85db-2e1cd00ec297/elements[39m
[35m[HTTP][39m [90m{"using":"xpath","value":"//hierarchy/android.widget.FrameLayout[1]/android.widget.LinearLayout[1]/android.widget.FrameLayout[1]/android.widget.FrameLayout[1]/android.widget.FrameLayout[1]/android.view.ViewGroup[1]/android.widget.RelativeLayout[1]/android.widget.FrameLayout[2]/android.view.ViewGroup[1]/android.widget.FrameLayout[4]/android.widget.ImageView[1]"}[39m
[35m[HTTP][39m [37m<-- POST /wd/hub/session/3c1d5338-174d-4434-85db-2e1cd00ec297/elements [39m[32m200[39m [90m281 ms - 139[39m
[35m[HTTP][39m [90m[39m
[35m[HTTP][39m [37m-->[39m [37mGET[39m [37m/wd/hub/session/3c1d5338-174d-4434-85db-2e1cd00ec297/element/00000000-0000-00c5-ffff-ffff00000e34/location[39m
[35m[HTTP][39m [90m{}[39m
[35m[W3C (3c1d5338)][39m Driver proxy active, passing request on via HTTP proxy
[35m[WD Proxy][39m Replacing sessionId 9ab522f7-0e71-48ea-98e6-52fd2b558b8e with 3c1d5338-174d-4434-85db-2e1cd00ec297
[35m[HTTP][39m [37m<-- GET /wd/hub/session/3c1d5338-174d-4434-85db-2e1cd00ec297/element/00000000-0000-00c5-ffff-ffff00000e34/location [39m[32m200[39m [90m33 ms - 79[39m
[35m[HTTP][39m [90m[39m
[35m[HTTP][39m [37m-->[39m [37mPOST[39m [37m/wd/hub/session/3c1d5338-174d-4434-85db-2e1cd00ec297/element/00000000-0000-00c5-ffff-ffff00000e34/click[39m
[35m[HTTP][39m [90m{"id":"00000000-0000-00c5-ffff-ffff00000e34"}[39m
[35m[HTTP][39m [37m<-- POST /wd/hub/session/3c1d5338-174d-4434-85db-2e1cd00ec297/element/00000000-0000-00c5-ffff-ffff00000e34/click [39m[32m200[39m [90m67 ms - 14[39m
[35m[HTTP][39m [90m[39m
[35m[HTTP][39m [37m-->[39m [37mGET[39m [37m/wd/hub/session/3c1d5338-174d-4434-85db-2e1cd00ec297/source[39m
[35m[HTTP][39m [90m{}[39m
[35m[W3C (3c1d5338)][39m Driver proxy active, passing request on via HTTP proxy
[35m[WD Proxy][39m Replacing sessionId 9ab522f7-0e71-48ea-98e6-52fd2b558b8e with 3c1d5338-174d-4434-85db-2e1cd00ec297
[35m[HTTP][39m [37m<-- GET /wd/hub/session/3c1d5338-174d-4434-85db-2e1cd00ec297/source [39m[32m200[39m [90m560 ms - 15151[39m
[35m[HTTP][39m [90m[39m
[35m[HTTP][39m [37m-->[39m [37mGET[39m [37m/wd/hub/session/3c1d5338-174d-4434-85db-2e1cd00ec297/screenshot[39m
[35m[HTTP][39m [90m{}[39m
[35m[HTTP][39m [37m<-- GET /wd/hub/session/3c1d5338-174d-4434-85db-2e1cd00ec297/screenshot [39m[32m200[39m [90m563 ms - 150278[39m
[35m[HTTP][39m [90m[39m
[35m[HTTP][39m [37m-->[39m [37mPOST[39m [37m/wd/hub/session/3c1d5338-174d-4434-85db-2e1cd00ec297/elements[39m
[35m[HTTP][39m [90m{"using":"xpath","value":"//*[@class = 'android.widget.EditText' and (@text = 'Search' or . = 'Search') and @resource-id = 'com.socialnmobile.dictapps.notepad.color.note:id/edit_search']"}[39m
[35m[HTTP][39m [37m<-- POST /wd/hub/session/3c1d5338-174d-4434-85db-2e1cd00ec297/elements [39m[32m200[39m [90m166 ms - 139[39m
[35m[HTTP][39m [90m[39m
[35m[HTTP][39m [37m-->[39m [37mGET[39m [37m/wd/hub/session/3c1d5338-174d-4434-85db-2e1cd00ec297/window/rect[39m
[35m[HTTP][39m [90m{}[39m
[35m[HTTP][39m [37m<-- GET /wd/hub/session/3c1d5338-174d-4434-85db-2e1cd00ec297/window/rect [39m[32m200[39m [90m16 ms - 50[39m
[35m[HTTP][39m [90m[39m
[35m[HTTP][39m [37m-->[39m [37mPOST[39m [37m/wd/hub/session/3c1d5338-174d-4434-85db-2e1cd00ec297/elements[39m
[35m[HTTP][39m [90m{"using":"xpath","value":"//*[@class = 'android.widget.EditText' and (@text = 'Search' or . = 'Search') and @resource-id = 'com.socialnmobile.dictapps.notepad.color.note:id/edit_search']"}[39m
[35m[HTTP][39m [37m<-- POST /wd/hub/session/3c1d5338-174d-4434-85db-2e1cd00ec297/elements [39m[32m200[39m [90m219 ms - 139[39m
[35m[HTTP][39m [90m[39m
[35m[HTTP][39m [37m-->[39m [37mGET[39m [37m/wd/hub/session/3c1d5338-174d-4434-85db-2e1cd00ec297/element/00000000-0000-00c5-ffff-ffff00000e11/location[39m
[35m[HTTP][39m [90m{}[39m
[35m[W3C (3c1d5338)][39m Driver proxy active, passing request on via HTTP proxy
[35m[WD Proxy][39m Replacing sessionId 9ab522f7-0e71-48ea-98e6-52fd2b558b8e with 3c1d5338-174d-4434-85db-2e1cd00ec297
[35m[HTTP][39m [37m<-- GET /wd/hub/session/3c1d5338-174d-4434-85db-2e1cd00ec297/element/00000000-0000-00c5-ffff-ffff00000e11/location [39m[32m200[39m [90m29 ms - 76[39m
[35m[HTTP][39m [90m[39m
[35m[HTTP][39m [37m-->[39m [37mPOST[39m [37m/wd/hub/session/3c1d5338-174d-4434-85db-2e1cd00ec297/element/00000000-0000-00c5-ffff-ffff00000e11/clear[39m
[35m[HTTP][39m [90m{"id":"00000000-0000-00c5-ffff-ffff00000e11"}[39m
[35m[HTTP][39m [37m<-- POST /wd/hub/session/3c1d5338-174d-4434-85db-2e1cd00ec297/element/00000000-0000-00c5-ffff-ffff00000e11/clear [39m[32m200[39m [90m52 ms - 14[39m
[35m[HTTP][39m [90m[39m
[35m[HTTP][39m [37m-->[39m [37mPOST[39m [37m/wd/hub/session/3c1d5338-174d-4434-85db-2e1cd00ec297/element/00000000-0000-00c5-ffff-ffff00000e11/value[39m
[35m[HTTP][39m [90m{"id":"00000000-0000-00c5-ffff-ffff00000e11","text":"Hi friend","value":["H","i"," ","f","r","i","e","n","d"]}[39m
[35m[HTTP][39m [37m<-- POST /wd/hub/session/3c1d5338-174d-4434-85db-2e1cd00ec297/element/00000000-0000-00c5-ffff-ffff00000e11/value [39m[32m200[39m [90m1334 ms - 14[39m
[35m[HTTP][39m [90m[39m
[35m[HTTP][39m [37m-->[39m [37mGET[39m [37m/wd/hub/session/3c1d5338-174d-4434-85db-2e1cd00ec297/source[39m
[35m[HTTP][39m [90m{}[39m
[35m[W3C (3c1d5338)][39m Driver proxy active, passing request on via HTTP proxy
[35m[WD Proxy][39m Replacing sessionId 9ab522f7-0e71-48ea-98e6-52fd2b558b8e with 3c1d5338-174d-4434-85db-2e1cd00ec297
[35m[HTTP][39m [37m<-- GET /wd/hub/session/3c1d5338-174d-4434-85db-2e1cd00ec297/source [39m[32m200[39m [90m301 ms - 19320[39m
[35m[HTTP][39m [90m[39m
[35m[HTTP][39m [37m-->[39m [37mGET[39m [37m/wd/hub/session/3c1d5338-174d-4434-85db-2e1cd00ec297/screenshot[39m
[35m[HTTP][39m [90m{}[39m
[35m[HTTP][39m [37m<-- GET /wd/hub/session/3c1d5338-174d-4434-85db-2e1cd00ec297/screenshot [39m[32m200[39m [90m592 ms - 163210[39m
[35m[HTTP][39m [90m[39m
[35m[HTTP][39m [37m-->[39m [37mPOST[39m [37m/wd/hub/session/3c1d5338-174d-4434-85db-2e1cd00ec297/elements[39m
[35m[HTTP][39m [90m{"using":"xpath","value":"//*[@class = 'android.widget.TextView' and (@text = 'Hi friend' or . = 'Hi friend') and @resource-id = 'com.socialnmobile.dictapps.notepad.color.note:id/title']"}[39m
[35m[HTTP][39m [37m<-- POST /wd/hub/session/3c1d5338-174d-4434-85db-2e1cd00ec297/elements [39m[32m200[39m [90m194 ms - 139[39m
[35m[HTTP][39m [90m[39m
[35m[HTTP][39m [37m-->[39m [37mPOST[39m [37m/wd/hub/session/3c1d5338-174d-4434-85db-2e1cd00ec297/elements[39m
[35m[HTTP][39m [90m{"using":"xpath","value":"//*[@class = 'android.widget.TextView' and (@text = 'Hi friend' or . = 'Hi friend') and @resource-id = 'com.socialnmobile.dictapps.notepad.color.note:id/title']"}[39m
[35m[HTTP][39m [37m<-- POST /wd/hub/session/3c1d5338-174d-4434-85db-2e1cd00ec297/elements [39m[32m200[39m [90m159 ms - 139[39m
[35m[HTTP][39m [90m[39m
[35m[HTTP][39m [37m-->[39m [37mGET[39m [37m/wd/hub/session/3c1d5338-174d-4434-85db-2e1cd00ec297/source[39m
[35m[HTTP][39m [90m{}[39m
[35m[W3C (3c1d5338)][39m Driver proxy active, passing request on via HTTP proxy
[35m[WD Proxy][39m Replacing sessionId 9ab522f7-0e71-48ea-98e6-52fd2b558b8e with 3c1d5338-174d-4434-85db-2e1cd00ec297
[35m[HTTP][39m [37m<-- GET /wd/hub/session/3c1d5338-174d-4434-85db-2e1cd00ec297/source [39m[32m200[39m [90m124 ms - 19320[39m
[35m[HTTP][39m [90m[39m
[35m[HTTP][39m [37m-->[39m [37mGET[39m [37m/wd/hub/session/3c1d5338-174d-4434-85db-2e1cd00ec297/screenshot[39m
[35m[HTTP][39m [90m{}[39m
[35m[HTTP][39m [37m<-- GET /wd/hub/session/3c1d5338-174d-4434-85db-2e1cd00ec297/screenshot [39m[32m200[39m [90m559 ms - 163210[39m
[35m[HTTP][39m [90m[39m
[35m[HTTP][39m [37m-->[39m [37mGET[39m [37m/wd/hub/session/3c1d5338-174d-4434-85db-2e1cd00ec297/context[39m
[35m[HTTP][39m [90m{}[39m
[35m[HTTP][39m [37m<-- GET /wd/hub/session/3c1d5338-174d-4434-85db-2e1cd00ec297/context [39m[32m200[39m [90m5 ms - 22[39m
[35m[HTTP][39m [90m[39m
[35m[HTTP][39m [37m-->[39m [37mGET[39m [37m/wd/hub/session/3c1d5338-174d-4434-85db-2e1cd00ec297/contexts[39m
[35m[HTTP][39m [90m{}[39m
[35m[HTTP][39m [37m<-- GET /wd/hub/session/3c1d5338-174d-4434-85db-2e1cd00ec297/contexts [39m[32m200[39m [90m100 ms - 24[39m
[35m[HTTP][39m [90m[39m
[35m[HTTP][39m [37m-->[39m [37mPOST[39m [37m/wd/hub/session/3c1d5338-174d-4434-85db-2e1cd00ec297/context[39m
[35m[HTTP][39m [90m{"name":"NATIVE_APP"}[39m
[35m[HTTP][39m [37m<-- POST /wd/hub/session/3c1d5338-174d-4434-85db-2e1cd00ec297/context [39m[32m200[39m [90m5 ms - 14[39m
[35m[HTTP][39m [90m[39m
[35m[HTTP][39m [37m-->[39m [37mPOST[39m [37m/wd/hub/session/3c1d5338-174d-4434-85db-2e1cd00ec297/appium/device/press_keycode[39m
[35m[HTTP][39m [90m{"keycode":4}[39m
[35m[HTTP][39m [37m<-- POST /wd/hub/session/3c1d5338-174d-4434-85db-2e1cd00ec297/appium/device/press_keycode [39m[32m200[39m [90m84 ms - 14[39m
[35m[HTTP][39m [90m[39m
[35m[HTTP][39m [37m-->[39m [37mPOST[39m [37m/wd/hub/session/3c1d5338-174d-4434-85db-2e1cd00ec297/context[39m
[35m[HTTP][39m [90m{"name":"NATIVE_APP"}[39m
[35m[HTTP][39m [37m<-- POST /wd/hub/session/3c1d5338-174d-4434-85db-2e1cd00ec297/context [39m[32m200[39m [90m6 ms - 14[39m
[35m[HTTP][39m [90m[39m
[35m[HTTP][39m [37m-->[39m [37mGET[39m [37m/wd/hub/session/3c1d5338-174d-4434-85db-2e1cd00ec297/source[39m
[35m[HTTP][39m [90m{}[39m
[35m[W3C (3c1d5338)][39m Driver proxy active, passing request on via HTTP proxy
[35m[WD Proxy][39m Replacing sessionId 9ab522f7-0e71-48ea-98e6-52fd2b558b8e with 3c1d5338-174d-4434-85db-2e1cd00ec297
[35m[HTTP][39m [37m<-- GET /wd/hub/session/3c1d5338-174d-4434-85db-2e1cd00ec297/source [39m[32m200[39m [90m227 ms - 19320[39m
[35m[HTTP][39m [90m[39m
[35m[HTTP][39m [37m-->[39m [37mGET[39m [37m/wd/hub/session/3c1d5338-174d-4434-85db-2e1cd00ec297/screenshot[39m
[35m[HTTP][39m [90m{}[39m
[35m[HTTP][39m [37m<-- GET /wd/hub/session/3c1d5338-174d-4434-85db-2e1cd00ec297/screenshot [39m[32m200[39m [90m546 ms - 83058[39m
[35m[HTTP][39m [90m[39m
[35m[HTTP][39m [37m-->[39m [37mGET[39m [37m/wd/hub/session/3c1d5338-174d-4434-85db-2e1cd00ec297/context[39m
[35m[HTTP][39m [90m{}[39m
[35m[HTTP][39m [37m<-- GET /wd/hub/session/3c1d5338-174d-4434-85db-2e1cd00ec297/context [39m[32m200[39m [90m4 ms - 22[39m
[35m[HTTP][39m [90m[39m
[35m[HTTP][39m [37m-->[39m [37mGET[39m [37m/wd/hub/session/3c1d5338-174d-4434-85db-2e1cd00ec297/contexts[39m
[35m[HTTP][39m [90m{}[39m
[35m[HTTP][39m [37m<-- GET /wd/hub/session/3c1d5338-174d-4434-85db-2e1cd00ec297/contexts [39m[32m200[39m [90m103 ms - 24[39m
[35m[HTTP][39m [90m[39m
[35m[HTTP][39m [37m-->[39m [37mPOST[39m [37m/wd/hub/session/3c1d5338-174d-4434-85db-2e1cd00ec297/context[39m
[35m[HTTP][39m [90m{"name":"NATIVE_APP"}[39m
[35m[HTTP][39m [37m<-- POST /wd/hub/session/3c1d5338-174d-4434-85db-2e1cd00ec297/context [39m[32m200[39m [90m5 ms - 14[39m
[35m[HTTP][39m [90m[39m
[35m[HTTP][39m [37m-->[39m [37mPOST[39m [37m/wd/hub/session/3c1d5338-174d-4434-85db-2e1cd00ec297/appium/device/press_keycode[39m
[35m[HTTP][39m [90m{"keycode":4}[39m
[35m[HTTP][39m [37m<-- POST /wd/hub/session/3c1d5338-174d-4434-85db-2e1cd00ec297/appium/device/press_keycode [39m[32m200[39m [90m90 ms - 14[39m
[35m[HTTP][39m [90m[39m
[35m[HTTP][39m [37m-->[39m [37mPOST[39m [37m/wd/hub/session/3c1d5338-174d-4434-85db-2e1cd00ec297/context[39m
[35m[HTTP][39m [90m{"name":"NATIVE_APP"}[39m
[35m[HTTP][39m [37m<-- POST /wd/hub/session/3c1d5338-174d-4434-85db-2e1cd00ec297/context [39m[32m200[39m [90m1 ms - 14[39m
[35m[HTTP][39m [90m[39m
[35m[HTTP][39m [37m-->[39m [37mGET[39m [37m/wd/hub/session/3c1d5338-174d-4434-85db-2e1cd00ec297/source[39m
[35m[HTTP][39m [90m{}[39m
[35m[W3C (3c1d5338)][39m Driver proxy active, passing request on via HTTP proxy
[35m[WD Proxy][39m Replacing sessionId 9ab522f7-0e71-48ea-98e6-52fd2b558b8e with 3c1d5338-174d-4434-85db-2e1cd00ec297
[35m[HTTP][39m [37m<-- GET /wd/hub/session/3c1d5338-174d-4434-85db-2e1cd00ec297/source [39m[32m200[39m [90m468 ms - 28456[39m
[35m[HTTP][39m [90m[39m
[35m[HTTP][39m [37m-->[39m [37mGET[39m [37m/wd/hub/session/3c1d5338-174d-4434-85db-2e1cd00ec297/screenshot[39m
[35m[HTTP][39m [90m{}[39m
[35m[HTTP][39m [37m<-- GET /wd/hub/session/3c1d5338-174d-4434-85db-2e1cd00ec297/screenshot [39m[32m200[39m [90m531 ms - 136152[39m
[35m[HTTP][39m [90m[39m
[35m[HTTP][39m [37m-->[39m [37mGET[39m [37m/wd/hub/session/3c1d5338-174d-4434-85db-2e1cd00ec297/context[39m
[35m[HTTP][39m [90m{}[39m
[35m[HTTP][39m [37m<-- GET /wd/hub/session/3c1d5338-174d-4434-85db-2e1cd00ec297/context [39m[32m200[39m [90m1 ms - 22[39m
[35m[HTTP][39m [90m[39m
[35m[HTTP][39m [37m-->[39m [37mGET[39m [37m/wd/hub/session/3c1d5338-174d-4434-85db-2e1cd00ec297/contexts[39m
[35m[HTTP][39m [90m{}[39m
[35m[HTTP][39m [37m<-- GET /wd/hub/session/3c1d5338-174d-4434-85db-2e1cd00ec297/contexts [39m[32m200[39m [90m96 ms - 24[39m
[35m[HTTP][39m [90m[39m
[35m[HTTP][39m [37m-->[39m [37mPOST[39m [37m/wd/hub/session/3c1d5338-174d-4434-85db-2e1cd00ec297/context[39m
[35m[HTTP][39m [90m{"name":"NATIVE_APP"}[39m
[35m[HTTP][39m [37m<-- POST /wd/hub/session/3c1d5338-174d-4434-85db-2e1cd00ec297/context [39m[32m200[39m [90m4 ms - 14[39m
[35m[HTTP][39m [90m[39m
[35m[HTTP][39m [37m-->[39m [37mPOST[39m [37m/wd/hub/session/3c1d5338-174d-4434-85db-2e1cd00ec297/appium/device/press_keycode[39m
[35m[HTTP][39m [90m{"keycode":4}[39m
[35m[HTTP][39m [37m<-- POST /wd/hub/session/3c1d5338-174d-4434-85db-2e1cd00ec297/appium/device/press_keycode [39m[32m200[39m [90m587 ms - 14[39m
[35m[HTTP][39m [90m[39m
[35m[HTTP][39m [37m-->[39m [37mPOST[39m [37m/wd/hub/session/3c1d5338-174d-4434-85db-2e1cd00ec297/context[39m
[35m[HTTP][39m [90m{"name":"NATIVE_APP"}[39m
[35m[HTTP][39m [37m<-- POST /wd/hub/session/3c1d5338-174d-4434-85db-2e1cd00ec297/context [39m[32m200[39m [90m1 ms - 14[39m
[35m[HTTP][39m [90m[39m
[35m[HTTP][39m [37m-->[39m [37mGET[39m [37m/wd/hub/session/3c1d5338-174d-4434-85db-2e1cd00ec297/source[39m
[35m[HTTP][39m [90m{}[39m
[35m[W3C (3c1d5338)][39m Driver proxy active, passing request on via HTTP proxy
[35m[WD Proxy][39m Replacing sessionId 9ab522f7-0e71-48ea-98e6-52fd2b558b8e with 3c1d5338-174d-4434-85db-2e1cd00ec297
[35m[HTTP][39m [37m<-- GET /wd/hub/session/3c1d5338-174d-4434-85db-2e1cd00ec297/source [39m[32m200[39m [90m294 ms - 29180[39m
[35m[HTTP][39m [90m[39m
[35m[HTTP][39m [37m-->[39m [37mGET[39m [37m/wd/hub/session/3c1d5338-174d-4434-85db-2e1cd00ec297/screenshot[39m
[35m[HTTP][39m [90m{}[39m
[35m[HTTP][39m [37m<-- GET /wd/hub/session/3c1d5338-174d-4434-85db-2e1cd00ec297/screenshot [39m[32m200[39m [90m583 ms - 215306[39m
[35m[HTTP][39m [90m[39m
[35m[HTTP][39m [37m-->[39m [37mDELETE[39m [37m/wd/hub/session/3c1d5338-174d-4434-85db-2e1cd00ec297[39m
[35m[HTTP][39m [90m{}[39m
[35m[Appium][39m Removing session 3c1d5338-174d-4434-85db-2e1cd00ec297 from our master session list
[35m[UiAutomator2][39m Restoring hidden api policy to the device default configuration
[35m[HTTP][39m [37m<-- DELETE /wd/hub/session/3c1d5338-174d-4434-85db-2e1cd00ec297 [39m[32m200[39m [90m411 ms - 14[39m
[35m[HTTP][39m [90m[39m
